<?xml version="1.0" encoding="UTF-8"?>
<!-- Generated by org.testng.reporters.JUnitXMLReporter -->
<testsuite hostname="C19S8" ignored="0" name="Default test" tests="3" failures="0" timestamp="15 נוב 2018 08:23:57 GMT" time="0.876" errors="0">
  <testcase name="firstTest" time="0.004" classname="testcases.TestTesting"/>
  <testcase name="firstTest" time="0.001" classname="testcases.TestTesting"/>
  <testcase name="firstTest" time="0.002" classname="testcases.TestTesting"/>
</testsuite> <!-- Default test -->
