<?xml version="1.0" encoding="UTF-8"?>
<!-- Generated by org.testng.reporters.JUnitXMLReporter -->
<testsuite hostname="Benny-computer" ignored="0" name="Test" tests="5" failures="1" timestamp="16 Nov 2018 18:04:49 GMT" time="0.542" errors="0">
  <testcase name="firstTest" time="0.005" classname="testcases.TestTesting"/>
  <testcase name="firstTest" time="0.001" classname="testcases.TestTesting"/>
  <testcase name="firstTest" time="0.001" classname="testcases.TestTesting"/>
  <testcase name="seconds3" time="0.003" classname="testcases.TestTesting"/>
  <testcase name="secondsTest" time="0.001" classname="testcases.TestTesting">
    <failure type="java.lang.AssertionError" message="null">
      <![CDATA[java.lang.AssertionError: null
at testcases.TestTesting.secondsTest(TestTesting.java:29)
... Removed 27 stack frames]]>
    </failure>
  </testcase> <!-- secondsTest -->
</testsuite> <!-- Test -->
