<?xml version="1.0" encoding="UTF-8"?>
<testng-results skipped="0" failed="0" ignored="0" total="1" passed="1">
  <reporter-output>
  </reporter-output>
  <suite name="Suite" duration-ms="52" started-at="2018-11-13T11:37:36Z" finished-at="2018-11-13T11:37:36Z">
    <groups>
    </groups>
    <test name="Test" duration-ms="52" started-at="2018-11-13T11:37:36Z" finished-at="2018-11-13T11:37:36Z">
      <class name="testcases.TestTesting">
        <test-method status="PASS" signature="setup()[pri:0, instance:testcases.TestTesting@7a30d1e6]" name="setup" is-config="true" duration-ms="3761" started-at="2018-11-13T11:37:32Z" finished-at="2018-11-13T11:37:36Z">
          <reporter-output>
          </reporter-output>
        </test-method> <!-- setup -->
        <test-method status="PASS" signature="firstTest()[pri:0, instance:testcases.TestTesting@7a30d1e6]" name="firstTest" duration-ms="5" started-at="2018-11-13T11:37:36Z" finished-at="2018-11-13T11:37:36Z">
          <reporter-output>
          </reporter-output>
        </test-method> <!-- firstTest -->
        <test-method status="PASS" signature="teardown()[pri:0, instance:testcases.TestTesting@7a30d1e6]" name="teardown" is-config="true" duration-ms="92" started-at="2018-11-13T11:37:36Z" finished-at="2018-11-13T11:37:36Z">
          <reporter-output>
          </reporter-output>
        </test-method> <!-- teardown -->
      </class> <!-- testcases.TestTesting -->
    </test> <!-- Test -->
  </suite> <!-- Suite -->
</testng-results>
