<?xml version="1.0" encoding="UTF-8"?>
<testng-results skipped="0" failed="0" ignored="0" total="1" passed="1">
  <reporter-output>
  </reporter-output>
  <suite name="Default suite" duration-ms="26" started-at="2018-11-12T18:47:10Z" finished-at="2018-11-12T18:47:10Z">
    <groups>
    </groups>
    <test name="Default test" duration-ms="26" started-at="2018-11-12T18:47:10Z" finished-at="2018-11-12T18:47:10Z">
      <class name="testcases.testTest">
        <test-method status="PASS" signature="setup()[pri:0, instance:testcases.testTest@491cc5c9]" name="setup" is-config="true" duration-ms="3860" started-at="2018-11-12T18:47:07Z" finished-at="2018-11-12T18:47:10Z">
          <reporter-output>
          </reporter-output>
        </test-method> <!-- setup -->
        <test-method status="PASS" signature="firstTest()[pri:0, instance:testcases.testTest@491cc5c9]" name="firstTest" duration-ms="4" started-at="2018-11-12T18:47:10Z" finished-at="2018-11-12T18:47:10Z">
          <reporter-output>
          </reporter-output>
        </test-method> <!-- firstTest -->
        <test-method status="PASS" signature="teardown()[pri:0, instance:testcases.testTest@491cc5c9]" name="teardown" is-config="true" duration-ms="72" started-at="2018-11-12T18:47:10Z" finished-at="2018-11-12T18:47:11Z">
          <reporter-output>
          </reporter-output>
        </test-method> <!-- teardown -->
      </class> <!-- testcases.testTest -->
    </test> <!-- Default test -->
  </suite> <!-- Default suite -->
</testng-results>
